Loading source files for package BattleShip_1...
Constructing Javadoc information...
Building index for all the packages and classes...
Standard Doclet version 17.0.7+7-LTS
Building tree for all the packages and classes...
Generating doc\BattleShip_1\BattleShipApp.html...
src\BattleShip_1\BattleShipApp.java:8: warning: no comment
public class BattleShipApp {
       ^
src\BattleShip_1\BattleShipApp.java:10: warning: no comment
	public static void main(String[] args) {
	                   ^
Generating doc\BattleShip_1\package-summary.html...
Generating doc\BattleShip_1\package-tree.html...
Generating doc\overview-tree.html...
Building index for all classes...
Generating doc\allclasses-index.html...
Generating doc\allpackages-index.html...
Generating doc\index-all.html...
Generating doc\index.html...
Generating doc\help-doc.html...
2 warnings
